<?xml version="1.0" encoding="UTF-8"?>
<!-- Generated by org.testng.reporters.JUnitXMLReporter -->
<testsuite ignored="0" hostname="user4" failures="0" tests="3" name="Default test" time="2.708" errors="0" timestamp="2024-11-17T14:01:05 IST">
  <testcase classname="testScripts.PlaceOrderTest" name="addItemTest" time="0.377"/>
  <testcase classname="testScripts.PlaceOrderTest" name="checkoutItems" time="0.105"/>
  <testcase classname="testScripts.PlaceOrderTest" name="verfInfo" time="0.73"/>
</testsuite> <!-- Default test -->
