<?xml version="1.0" encoding="UTF-8"?>
<testng-results ignored="0" total="3" passed="3" failed="0" skipped="0">
  <reporter-output>
  </reporter-output>
  <suite started-at="2024-11-17T14:01:02 IST" name="Default suite" finished-at="2024-11-17T14:01:05 IST" duration-ms="2708">
    <groups>
    </groups>
    <test started-at="2024-11-17T14:01:02 IST" name="Default test" finished-at="2024-11-17T14:01:05 IST" duration-ms="2708">
      <class name="testScripts.PlaceOrderTest">
        <test-method is-config="true" signature="setup()[pri:0, instance:testScripts.PlaceOrderTest@5644dc81]" started-at="2024-11-17T14:01:02 IST" name="setup" finished-at="2024-11-17T14:01:04 IST" duration-ms="1409" status="PASS">
          <reporter-output>
          </reporter-output>
        </test-method> <!-- setup -->
        <test-method signature="addItemTest()[pri:0, instance:testScripts.PlaceOrderTest@5644dc81]" started-at="2024-11-17T14:01:04 IST" name="addItemTest" finished-at="2024-11-17T14:01:04 IST" duration-ms="377" status="PASS">
          <reporter-output>
          </reporter-output>
        </test-method> <!-- addItemTest -->
        <test-method signature="checkoutItems()[pri:0, instance:testScripts.PlaceOrderTest@5644dc81]" started-at="2024-11-17T14:01:04 IST" name="checkoutItems" finished-at="2024-11-17T14:01:04 IST" duration-ms="105" status="PASS">
          <reporter-output>
          </reporter-output>
        </test-method> <!-- checkoutItems -->
        <test-method signature="verfInfo()[pri:0, instance:testScripts.PlaceOrderTest@5644dc81]" started-at="2024-11-17T14:01:04 IST" name="verfInfo" finished-at="2024-11-17T14:01:05 IST" duration-ms="730" status="PASS">
          <reporter-output>
          </reporter-output>
        </test-method> <!-- verfInfo -->
      </class> <!-- testScripts.PlaceOrderTest -->
    </test> <!-- Default test -->
  </suite> <!-- Default suite -->
</testng-results>
